<?xml version="1.0" encoding="UTF-8"?>
<!-- Generated by org.testng.reporters.JUnitReportReporter -->
<testsuite name="org.testing.TestCases.TestCase1" tests="1" time="2.361" ignored="0" failures="0" timestamp="16 May 2019 04:03:26 GMT" skipped="0" hostname="DESKTOP-30FNJH5" errors="0">
  <testcase name="tc1" time="2.361" classname="org.testing.TestCases.TestCase1"/>
</testsuite> <!-- org.testing.TestCases.TestCase1 -->
